{'Hora': '2023-11-23 10:29:13', 'Usuario': 'admin (Admin)', 'Error': "'tseg.models.Equipment object' has no attribute 'frecuencia_eq'"}
Traceback (most recent call last):
  File "C:\Documentos\Dropbox\Sistemas\Proyectos\TECSEG\tseg\users\routes.py", line 204, in search
    return render_template('search.html', title="Busqueda",
  File "C:\Users\NB5\AppData\Local\Programs\Python\Python38\lib\site-packages\flask\templating.py", line 147, in render_template
    return _render(app, template, context)
  File "C:\Users\NB5\AppData\Local\Programs\Python\Python38\lib\site-packages\flask\templating.py", line 130, in _render
    rv = template.render(context)
  File "C:\Users\NB5\AppData\Local\Programs\Python\Python38\lib\site-packages\jinja2\environment.py", line 1301, in render
    self.environment.handle_exception()
  File "C:\Users\NB5\AppData\Local\Programs\Python\Python38\lib\site-packages\jinja2\environment.py", line 936, in handle_exception
    raise rewrite_traceback_stack(source=source)
  File "C:\Documentos\Dropbox\Sistemas\Proyectos\TECSEG\tseg\templates\search.html", line 1, in top-level template code
    {% extends "layout.html" %}
  File "C:\Documentos\Dropbox\Sistemas\Proyectos\TECSEG\tseg\templates\layout.html", line 65, in top-level template code
    {% block content %}
  File "C:\Documentos\Dropbox\Sistemas\Proyectos\TECSEG\tseg\templates\search.html", line 55, in block 'content'
    <small class="article-title">Canal/Frec: <b>{{ equipment.frecuencia_eq.canal }} {{ equipment.frecuencia_eq.rango }}</b></small>
  File "C:\Users\NB5\AppData\Local\Programs\Python\Python38\lib\site-packages\jinja2\environment.py", line 485, in getattr
    return getattr(obj, attribute)
jinja2.exceptions.UndefinedError: 'tseg.models.Equipment object' has no attribute 'frecuencia_eq'
{'Hora': '2023-11-23 10:35:32', 'Usuario': 'admin (Admin)', 'Error': "Encountered unknown tag 'endfor'. You probably made a nesting mistake. Jinja is expecting this tag, but currently looking for 'elif' or 'else' or 'endif'. The innermost block that needs to be closed is 'if'."}
Traceback (most recent call last):
  File "C:\Documentos\Dropbox\Sistemas\Proyectos\TECSEG\tseg\users\routes.py", line 204, in search
    return render_template('search.html', title="Busqueda",
  File "C:\Users\NB5\AppData\Local\Programs\Python\Python38\lib\site-packages\flask\templating.py", line 146, in render_template
    template = app.jinja_env.get_or_select_template(template_name_or_list)
  File "C:\Users\NB5\AppData\Local\Programs\Python\Python38\lib\site-packages\jinja2\environment.py", line 1081, in get_or_select_template
    return self.get_template(template_name_or_list, parent, globals)
  File "C:\Users\NB5\AppData\Local\Programs\Python\Python38\lib\site-packages\jinja2\environment.py", line 1010, in get_template
    return self._load_template(name, globals)
  File "C:\Users\NB5\AppData\Local\Programs\Python\Python38\lib\site-packages\jinja2\environment.py", line 969, in _load_template
    template = self.loader.load(self, name, self.make_globals(globals))
  File "C:\Users\NB5\AppData\Local\Programs\Python\Python38\lib\site-packages\jinja2\loaders.py", line 138, in load
    code = environment.compile(source, name, filename)
  File "C:\Users\NB5\AppData\Local\Programs\Python\Python38\lib\site-packages\jinja2\environment.py", line 768, in compile
    self.handle_exception(source=source_hint)
  File "C:\Users\NB5\AppData\Local\Programs\Python\Python38\lib\site-packages\jinja2\environment.py", line 936, in handle_exception
    raise rewrite_traceback_stack(source=source)
  File "C:\Documentos\Dropbox\Sistemas\Proyectos\TECSEG\tseg\templates\search.html", line 57, in template
    {% endfor%}
jinja2.exceptions.TemplateSyntaxError: Encountered unknown tag 'endfor'. You probably made a nesting mistake. Jinja is expecting this tag, but currently looking for 'elif' or 'else' or 'endif'. The innermost block that needs to be closed is 'if'.
{'Hora': '2023-11-23 10:43:18', 'Usuario': 'admin (Admin)', 'Error': '<function like_op at 0x000002A14D3E7040>'}
Traceback (most recent call last):
  File "C:\Documentos\Dropbox\Sistemas\Proyectos\TECSEG\tseg\users\routes.py", line 202, in search
    Modelo.marca.like('%'+searched+'%')))
  File "C:\Users\NB5\AppData\Local\Programs\Python\Python38\lib\site-packages\sqlalchemy\sql\operators.py", line 683, in like
    return self.operate(like_op, other, escape=escape)
  File "C:\Users\NB5\AppData\Local\Programs\Python\Python38\lib\site-packages\sqlalchemy\orm\attributes.py", line 444, in operate
    return op(self.comparator, *other, **kwargs)  # type: ignore[return-value]  # noqa: E501
  File "C:\Users\NB5\AppData\Local\Programs\Python\Python38\lib\site-packages\sqlalchemy\sql\operators.py", line 1994, in like_op
    return a.like(b, escape=escape)
  File "C:\Users\NB5\AppData\Local\Programs\Python\Python38\lib\site-packages\sqlalchemy\sql\operators.py", line 683, in like
    return self.operate(like_op, other, escape=escape)
  File "C:\Users\NB5\AppData\Local\Programs\Python\Python38\lib\site-packages\sqlalchemy\sql\operators.py", line 344, in operate
    raise NotImplementedError(str(op))
NotImplementedError: <function like_op at 0x000002A14D3E7040>
{'Hora': '2023-11-23 10:44:01', 'Usuario': 'admin (Admin)', 'Error': '<function like_op at 0x000002A14D3E7040>'}
Traceback (most recent call last):
  File "C:\Documentos\Dropbox\Sistemas\Proyectos\TECSEG\tseg\users\routes.py", line 202, in search
    Modelo.marca.like('%'+searched+'%')))
  File "C:\Users\NB5\AppData\Local\Programs\Python\Python38\lib\site-packages\sqlalchemy\sql\operators.py", line 683, in like
    return self.operate(like_op, other, escape=escape)
  File "C:\Users\NB5\AppData\Local\Programs\Python\Python38\lib\site-packages\sqlalchemy\orm\attributes.py", line 444, in operate
    return op(self.comparator, *other, **kwargs)  # type: ignore[return-value]  # noqa: E501
  File "C:\Users\NB5\AppData\Local\Programs\Python\Python38\lib\site-packages\sqlalchemy\sql\operators.py", line 1994, in like_op
    return a.like(b, escape=escape)
  File "C:\Users\NB5\AppData\Local\Programs\Python\Python38\lib\site-packages\sqlalchemy\sql\operators.py", line 683, in like
    return self.operate(like_op, other, escape=escape)
  File "C:\Users\NB5\AppData\Local\Programs\Python\Python38\lib\site-packages\sqlalchemy\sql\operators.py", line 344, in operate
    raise NotImplementedError(str(op))
NotImplementedError: <function like_op at 0x000002A14D3E7040>
{'Hora': '2023-11-23 10:45:27', 'Usuario': 'admin (Admin)', 'Error': 'Join target, typically a FROM expression, or ORM relationship attribute expected, got <sqlalchemy.sql.elements.BinaryExpression object at 0x0000029700DBB7C0>.'}
Traceback (most recent call last):
  File "C:\Documentos\Dropbox\Sistemas\Proyectos\TECSEG\tseg\users\routes.py", line 201, in search
    modelos = Modelo.query.join(Marca.id == Modelo.marca_id).filter(or_(Modelo.nombre.like('%'+searched+'%'),
  File "<string>", line 2, in join
  File "C:\Users\NB5\AppData\Local\Programs\Python\Python38\lib\site-packages\sqlalchemy\sql\base.py", line 248, in _generative
    x = fn(self, *args, **kw)
  File "<string>", line 2, in join
  File "C:\Users\NB5\AppData\Local\Programs\Python\Python38\lib\site-packages\sqlalchemy\orm\base.py", line 299, in generate
    fn(self, *args, **kw)
  File "C:\Users\NB5\AppData\Local\Programs\Python\Python38\lib\site-packages\sqlalchemy\orm\query.py", line 2439, in join
    join_target = coercions.expect(
  File "C:\Users\NB5\AppData\Local\Programs\Python\Python38\lib\site-packages\sqlalchemy\sql\coercions.py", line 443, in expect
    return impl._implicit_coercions(
  File "C:\Users\NB5\AppData\Local\Programs\Python\Python38\lib\site-packages\sqlalchemy\sql\coercions.py", line 1269, in _implicit_coercions
    self._raise_for_expected(element, argname, resolved)
  File "C:\Users\NB5\AppData\Local\Programs\Python\Python38\lib\site-packages\sqlalchemy\sql\coercions.py", line 536, in _raise_for_expected
    raise exc.ArgumentError(msg, code=code) from err
sqlalchemy.exc.ArgumentError: Join target, typically a FROM expression, or ORM relationship attribute expected, got <sqlalchemy.sql.elements.BinaryExpression object at 0x0000029700DBB7C0>.
{'Hora': '2023-11-23 11:19:17', 'Usuario': 'admin (Admin)', 'Error': 'list.remove(x): x not in list'}
Traceback (most recent call last):
  File "C:\Documentos\Dropbox\Sistemas\Proyectos\TECSEG\tseg\equipments\routes.py", line 129, in update_equipment
    equipment.frecuencias.remove(frecuencia)
  File "C:\Users\NB5\AppData\Local\Programs\Python\Python38\lib\site-packages\sqlalchemy\orm\collections.py", line 1097, in remove
    fn(self, value)
ValueError: list.remove(x): x not in list
{'Hora': '2023-11-23 11:23:08', 'Usuario': 'admin (Admin)', 'Error': 'list.remove(x): x not in list'}
Traceback (most recent call last):
  File "C:\Documentos\Dropbox\Sistemas\Proyectos\TECSEG\tseg\equipments\routes.py", line 133, in update_equipment
    equipment.frecuencias.remove(frecuencia)
  File "C:\Users\NB5\AppData\Local\Programs\Python\Python38\lib\site-packages\sqlalchemy\orm\collections.py", line 1097, in remove
    fn(self, value)
ValueError: list.remove(x): x not in list
{'Hora': '2023-11-23 11:30:31', 'Usuario': 'admin (Admin)', 'Error': 'list.remove(x): x not in list'}
Traceback (most recent call last):
  File "C:\Documentos\Dropbox\Sistemas\Proyectos\TECSEG\tseg\equipments\routes.py", line 133, in update_equipment
    equipment.frecuencias.remove(frecuencia)
  File "C:\Users\NB5\AppData\Local\Programs\Python\Python38\lib\site-packages\sqlalchemy\orm\collections.py", line 1097, in remove
    fn(self, value)
ValueError: list.remove(x): x not in list
{'Hora': '2023-11-23 11:34:20', 'Usuario': 'admin (Admin)', 'Error': 'list.remove(x): x not in list'}
Traceback (most recent call last):
  File "C:\Documentos\Dropbox\Sistemas\Proyectos\TECSEG\tseg\equipments\routes.py", line 131, in update_equipment
    equipment.frecuencias.remove(frecuencia)
  File "C:\Users\NB5\AppData\Local\Programs\Python\Python38\lib\site-packages\sqlalchemy\orm\collections.py", line 1097, in remove
    fn(self, value)
ValueError: list.remove(x): x not in list
{'Hora': '2023-11-25 13:32:46', 'Usuario': 'admin (Admin)', 'Error': "'OrdenTrabajoForm' object has no attribute 'comment'"}
Traceback (most recent call last):
  File "E:\Dropbox\Sistemas\Proyectos\TECSEG\tseg\ordenes_trabajo\routes.py", line 130, in update_orden_trabajo
    orden_trabajo.comment = form.comment.data
AttributeError: 'OrdenTrabajoForm' object has no attribute 'comment'
{'Hora': '2023-11-25 13:47:31', 'Usuario': 'admin (Admin)', 'Error': "'Equipment' object has no attribute 'frecuencia_olds'"}
Traceback (most recent call last):
  File "E:\Dropbox\Sistemas\Proyectos\TECSEG\tseg\equipments\routes.py", line 109, in update_equipment
    for frecuencia_old in equipment.frecuencia_olds:
AttributeError: 'Equipment' object has no attribute 'frecuencia_olds'
{'Hora': '2023-11-29 12:02:41', 'Usuario': 'Salvador (Invitado)', 'Error': '(pymysql.err.IntegrityError) (1048, "Column \'role_id\' cannot be null")\n[SQL: UPDATE user SET email=%(email)s, role_id=%(role_id)s WHERE user.id = %(user_id)s]\n[parameters: {\'email\': \'salvadorfili2009@hotmail.com\', \'role_id\': None, \'user_id\': 16}]\n(Background on this error at: https://sqlalche.me/e/20/gkpj)'}
Traceback (most recent call last):
  File "C:\Users\NB5\AppData\Local\Programs\Python\Python38\lib\site-packages\sqlalchemy\engine\base.py", line 1964, in _exec_single_context
    self.dialect.do_execute(
  File "C:\Users\NB5\AppData\Local\Programs\Python\Python38\lib\site-packages\sqlalchemy\engine\default.py", line 748, in do_execute
    cursor.execute(statement, parameters)
  File "C:\Users\NB5\AppData\Local\Programs\Python\Python38\lib\site-packages\pymysql\cursors.py", line 158, in execute
    result = self._query(query)
  File "C:\Users\NB5\AppData\Local\Programs\Python\Python38\lib\site-packages\pymysql\cursors.py", line 325, in _query
    conn.query(q)
  File "C:\Users\NB5\AppData\Local\Programs\Python\Python38\lib\site-packages\pymysql\connections.py", line 549, in query
    self._affected_rows = self._read_query_result(unbuffered=unbuffered)
  File "C:\Users\NB5\AppData\Local\Programs\Python\Python38\lib\site-packages\pymysql\connections.py", line 779, in _read_query_result
    result.read()
  File "C:\Users\NB5\AppData\Local\Programs\Python\Python38\lib\site-packages\pymysql\connections.py", line 1157, in read
    first_packet = self.connection._read_packet()
  File "C:\Users\NB5\AppData\Local\Programs\Python\Python38\lib\site-packages\pymysql\connections.py", line 729, in _read_packet
    packet.raise_for_error()
  File "C:\Users\NB5\AppData\Local\Programs\Python\Python38\lib\site-packages\pymysql\protocol.py", line 221, in raise_for_error
    err.raise_mysql_exception(self._data)
  File "C:\Users\NB5\AppData\Local\Programs\Python\Python38\lib\site-packages\pymysql\err.py", line 143, in raise_mysql_exception
    raise errorclass(errno, errval)
pymysql.err.IntegrityError: (1048, "Column 'role_id' cannot be null")

The above exception was the direct cause of the following exception:

Traceback (most recent call last):
  File "C:\Documentos\Dropbox\Sistemas\Proyectos\TECSEG\tseg\users\routes.py", line 89, in account
    db.session.commit()
  File "C:\Users\NB5\AppData\Local\Programs\Python\Python38\lib\site-packages\sqlalchemy\orm\scoping.py", line 553, in commit
    return self._proxied.commit()
  File "C:\Users\NB5\AppData\Local\Programs\Python\Python38\lib\site-packages\sqlalchemy\orm\session.py", line 1903, in commit
    trans.commit(_to_root=True)
  File "<string>", line 2, in commit
  File "C:\Users\NB5\AppData\Local\Programs\Python\Python38\lib\site-packages\sqlalchemy\orm\state_changes.py", line 137, in _go
    ret_value = fn(self, *arg, **kw)
  File "C:\Users\NB5\AppData\Local\Programs\Python\Python38\lib\site-packages\sqlalchemy\orm\session.py", line 1218, in commit
    self._prepare_impl()
  File "<string>", line 2, in _prepare_impl
  File "C:\Users\NB5\AppData\Local\Programs\Python\Python38\lib\site-packages\sqlalchemy\orm\state_changes.py", line 137, in _go
    ret_value = fn(self, *arg, **kw)
  File "C:\Users\NB5\AppData\Local\Programs\Python\Python38\lib\site-packages\sqlalchemy\orm\session.py", line 1193, in _prepare_impl
    self.session.flush()
  File "C:\Users\NB5\AppData\Local\Programs\Python\Python38\lib\site-packages\sqlalchemy\orm\session.py", line 4155, in flush
    self._flush(objects)
  File "C:\Users\NB5\AppData\Local\Programs\Python\Python38\lib\site-packages\sqlalchemy\orm\session.py", line 4292, in _flush
    transaction.rollback(_capture_exception=True)
  File "C:\Users\NB5\AppData\Local\Programs\Python\Python38\lib\site-packages\sqlalchemy\util\langhelpers.py", line 147, in __exit__
    raise exc_value.with_traceback(exc_tb)
  File "C:\Users\NB5\AppData\Local\Programs\Python\Python38\lib\site-packages\sqlalchemy\orm\session.py", line 4252, in _flush
    flush_context.execute()
  File "C:\Users\NB5\AppData\Local\Programs\Python\Python38\lib\site-packages\sqlalchemy\orm\unitofwork.py", line 467, in execute
    rec.execute(self)
  File "C:\Users\NB5\AppData\Local\Programs\Python\Python38\lib\site-packages\sqlalchemy\orm\unitofwork.py", line 644, in execute
    util.preloaded.orm_persistence.save_obj(
  File "C:\Users\NB5\AppData\Local\Programs\Python\Python38\lib\site-packages\sqlalchemy\orm\persistence.py", line 85, in save_obj
    _emit_update_statements(
  File "C:\Users\NB5\AppData\Local\Programs\Python\Python38\lib\site-packages\sqlalchemy\orm\persistence.py", line 890, in _emit_update_statements
    c = connection.execute(
  File "C:\Users\NB5\AppData\Local\Programs\Python\Python38\lib\site-packages\sqlalchemy\engine\base.py", line 1414, in execute
    return meth(
  File "C:\Users\NB5\AppData\Local\Programs\Python\Python38\lib\site-packages\sqlalchemy\sql\elements.py", line 486, in _execute_on_connection
    return connection._execute_clauseelement(
  File "C:\Users\NB5\AppData\Local\Programs\Python\Python38\lib\site-packages\sqlalchemy\engine\base.py", line 1638, in _execute_clauseelement
    ret = self._execute_context(
  File "C:\Users\NB5\AppData\Local\Programs\Python\Python38\lib\site-packages\sqlalchemy\engine\base.py", line 1842, in _execute_context
    return self._exec_single_context(
  File "C:\Users\NB5\AppData\Local\Programs\Python\Python38\lib\site-packages\sqlalchemy\engine\base.py", line 1983, in _exec_single_context
    self._handle_dbapi_exception(
  File "C:\Users\NB5\AppData\Local\Programs\Python\Python38\lib\site-packages\sqlalchemy\engine\base.py", line 2326, in _handle_dbapi_exception
    raise sqlalchemy_exception.with_traceback(exc_info[2]) from e
  File "C:\Users\NB5\AppData\Local\Programs\Python\Python38\lib\site-packages\sqlalchemy\engine\base.py", line 1964, in _exec_single_context
    self.dialect.do_execute(
  File "C:\Users\NB5\AppData\Local\Programs\Python\Python38\lib\site-packages\sqlalchemy\engine\default.py", line 748, in do_execute
    cursor.execute(statement, parameters)
  File "C:\Users\NB5\AppData\Local\Programs\Python\Python38\lib\site-packages\pymysql\cursors.py", line 158, in execute
    result = self._query(query)
  File "C:\Users\NB5\AppData\Local\Programs\Python\Python38\lib\site-packages\pymysql\cursors.py", line 325, in _query
    conn.query(q)
  File "C:\Users\NB5\AppData\Local\Programs\Python\Python38\lib\site-packages\pymysql\connections.py", line 549, in query
    self._affected_rows = self._read_query_result(unbuffered=unbuffered)
  File "C:\Users\NB5\AppData\Local\Programs\Python\Python38\lib\site-packages\pymysql\connections.py", line 779, in _read_query_result
    result.read()
  File "C:\Users\NB5\AppData\Local\Programs\Python\Python38\lib\site-packages\pymysql\connections.py", line 1157, in read
    first_packet = self.connection._read_packet()
  File "C:\Users\NB5\AppData\Local\Programs\Python\Python38\lib\site-packages\pymysql\connections.py", line 729, in _read_packet
    packet.raise_for_error()
  File "C:\Users\NB5\AppData\Local\Programs\Python\Python38\lib\site-packages\pymysql\protocol.py", line 221, in raise_for_error
    err.raise_mysql_exception(self._data)
  File "C:\Users\NB5\AppData\Local\Programs\Python\Python38\lib\site-packages\pymysql\err.py", line 143, in raise_mysql_exception
    raise errorclass(errno, errval)
sqlalchemy.exc.IntegrityError: (pymysql.err.IntegrityError) (1048, "Column 'role_id' cannot be null")
[SQL: UPDATE user SET email=%(email)s, role_id=%(role_id)s WHERE user.id = %(user_id)s]
[parameters: {'email': 'salvadorfili2009@hotmail.com', 'role_id': None, 'user_id': 16}]
(Background on this error at: https://sqlalche.me/e/20/gkpj)
{'Hora': '2023-11-29 12:07:40', 'Usuario': 'Salvador (Invitado)', 'Error': '(pymysql.err.IntegrityError) (1048, "Column \'role_id\' cannot be null")\n[SQL: UPDATE user SET email=%(email)s, role_id=%(role_id)s WHERE user.id = %(user_id)s]\n[parameters: {\'email\': \'salvadorfili2009@hotmail.com\', \'role_id\': None, \'user_id\': 16}]\n(Background on this error at: https://sqlalche.me/e/20/gkpj)'}
Traceback (most recent call last):
  File "C:\Users\NB5\AppData\Local\Programs\Python\Python38\lib\site-packages\sqlalchemy\engine\base.py", line 1964, in _exec_single_context
    self.dialect.do_execute(
  File "C:\Users\NB5\AppData\Local\Programs\Python\Python38\lib\site-packages\sqlalchemy\engine\default.py", line 748, in do_execute
    cursor.execute(statement, parameters)
  File "C:\Users\NB5\AppData\Local\Programs\Python\Python38\lib\site-packages\pymysql\cursors.py", line 158, in execute
    result = self._query(query)
  File "C:\Users\NB5\AppData\Local\Programs\Python\Python38\lib\site-packages\pymysql\cursors.py", line 325, in _query
    conn.query(q)
  File "C:\Users\NB5\AppData\Local\Programs\Python\Python38\lib\site-packages\pymysql\connections.py", line 549, in query
    self._affected_rows = self._read_query_result(unbuffered=unbuffered)
  File "C:\Users\NB5\AppData\Local\Programs\Python\Python38\lib\site-packages\pymysql\connections.py", line 779, in _read_query_result
    result.read()
  File "C:\Users\NB5\AppData\Local\Programs\Python\Python38\lib\site-packages\pymysql\connections.py", line 1157, in read
    first_packet = self.connection._read_packet()
  File "C:\Users\NB5\AppData\Local\Programs\Python\Python38\lib\site-packages\pymysql\connections.py", line 729, in _read_packet
    packet.raise_for_error()
  File "C:\Users\NB5\AppData\Local\Programs\Python\Python38\lib\site-packages\pymysql\protocol.py", line 221, in raise_for_error
    err.raise_mysql_exception(self._data)
  File "C:\Users\NB5\AppData\Local\Programs\Python\Python38\lib\site-packages\pymysql\err.py", line 143, in raise_mysql_exception
    raise errorclass(errno, errval)
pymysql.err.IntegrityError: (1048, "Column 'role_id' cannot be null")

The above exception was the direct cause of the following exception:

Traceback (most recent call last):
  File "C:\Documentos\Dropbox\Sistemas\Proyectos\TECSEG\tseg\users\routes.py", line 90, in account
    db.session.commit()
  File "C:\Users\NB5\AppData\Local\Programs\Python\Python38\lib\site-packages\sqlalchemy\orm\scoping.py", line 553, in commit
    return self._proxied.commit()
  File "C:\Users\NB5\AppData\Local\Programs\Python\Python38\lib\site-packages\sqlalchemy\orm\session.py", line 1903, in commit
    trans.commit(_to_root=True)
  File "<string>", line 2, in commit
  File "C:\Users\NB5\AppData\Local\Programs\Python\Python38\lib\site-packages\sqlalchemy\orm\state_changes.py", line 137, in _go
    ret_value = fn(self, *arg, **kw)
  File "C:\Users\NB5\AppData\Local\Programs\Python\Python38\lib\site-packages\sqlalchemy\orm\session.py", line 1218, in commit
    self._prepare_impl()
  File "<string>", line 2, in _prepare_impl
  File "C:\Users\NB5\AppData\Local\Programs\Python\Python38\lib\site-packages\sqlalchemy\orm\state_changes.py", line 137, in _go
    ret_value = fn(self, *arg, **kw)
  File "C:\Users\NB5\AppData\Local\Programs\Python\Python38\lib\site-packages\sqlalchemy\orm\session.py", line 1193, in _prepare_impl
    self.session.flush()
  File "C:\Users\NB5\AppData\Local\Programs\Python\Python38\lib\site-packages\sqlalchemy\orm\session.py", line 4155, in flush
    self._flush(objects)
  File "C:\Users\NB5\AppData\Local\Programs\Python\Python38\lib\site-packages\sqlalchemy\orm\session.py", line 4292, in _flush
    transaction.rollback(_capture_exception=True)
  File "C:\Users\NB5\AppData\Local\Programs\Python\Python38\lib\site-packages\sqlalchemy\util\langhelpers.py", line 147, in __exit__
    raise exc_value.with_traceback(exc_tb)
  File "C:\Users\NB5\AppData\Local\Programs\Python\Python38\lib\site-packages\sqlalchemy\orm\session.py", line 4252, in _flush
    flush_context.execute()
  File "C:\Users\NB5\AppData\Local\Programs\Python\Python38\lib\site-packages\sqlalchemy\orm\unitofwork.py", line 467, in execute
    rec.execute(self)
  File "C:\Users\NB5\AppData\Local\Programs\Python\Python38\lib\site-packages\sqlalchemy\orm\unitofwork.py", line 644, in execute
    util.preloaded.orm_persistence.save_obj(
  File "C:\Users\NB5\AppData\Local\Programs\Python\Python38\lib\site-packages\sqlalchemy\orm\persistence.py", line 85, in save_obj
    _emit_update_statements(
  File "C:\Users\NB5\AppData\Local\Programs\Python\Python38\lib\site-packages\sqlalchemy\orm\persistence.py", line 890, in _emit_update_statements
    c = connection.execute(
  File "C:\Users\NB5\AppData\Local\Programs\Python\Python38\lib\site-packages\sqlalchemy\engine\base.py", line 1414, in execute
    return meth(
  File "C:\Users\NB5\AppData\Local\Programs\Python\Python38\lib\site-packages\sqlalchemy\sql\elements.py", line 486, in _execute_on_connection
    return connection._execute_clauseelement(
  File "C:\Users\NB5\AppData\Local\Programs\Python\Python38\lib\site-packages\sqlalchemy\engine\base.py", line 1638, in _execute_clauseelement
    ret = self._execute_context(
  File "C:\Users\NB5\AppData\Local\Programs\Python\Python38\lib\site-packages\sqlalchemy\engine\base.py", line 1842, in _execute_context
    return self._exec_single_context(
  File "C:\Users\NB5\AppData\Local\Programs\Python\Python38\lib\site-packages\sqlalchemy\engine\base.py", line 1983, in _exec_single_context
    self._handle_dbapi_exception(
  File "C:\Users\NB5\AppData\Local\Programs\Python\Python38\lib\site-packages\sqlalchemy\engine\base.py", line 2326, in _handle_dbapi_exception
    raise sqlalchemy_exception.with_traceback(exc_info[2]) from e
  File "C:\Users\NB5\AppData\Local\Programs\Python\Python38\lib\site-packages\sqlalchemy\engine\base.py", line 1964, in _exec_single_context
    self.dialect.do_execute(
  File "C:\Users\NB5\AppData\Local\Programs\Python\Python38\lib\site-packages\sqlalchemy\engine\default.py", line 748, in do_execute
    cursor.execute(statement, parameters)
  File "C:\Users\NB5\AppData\Local\Programs\Python\Python38\lib\site-packages\pymysql\cursors.py", line 158, in execute
    result = self._query(query)
  File "C:\Users\NB5\AppData\Local\Programs\Python\Python38\lib\site-packages\pymysql\cursors.py", line 325, in _query
    conn.query(q)
  File "C:\Users\NB5\AppData\Local\Programs\Python\Python38\lib\site-packages\pymysql\connections.py", line 549, in query
    self._affected_rows = self._read_query_result(unbuffered=unbuffered)
  File "C:\Users\NB5\AppData\Local\Programs\Python\Python38\lib\site-packages\pymysql\connections.py", line 779, in _read_query_result
    result.read()
  File "C:\Users\NB5\AppData\Local\Programs\Python\Python38\lib\site-packages\pymysql\connections.py", line 1157, in read
    first_packet = self.connection._read_packet()
  File "C:\Users\NB5\AppData\Local\Programs\Python\Python38\lib\site-packages\pymysql\connections.py", line 729, in _read_packet
    packet.raise_for_error()
  File "C:\Users\NB5\AppData\Local\Programs\Python\Python38\lib\site-packages\pymysql\protocol.py", line 221, in raise_for_error
    err.raise_mysql_exception(self._data)
  File "C:\Users\NB5\AppData\Local\Programs\Python\Python38\lib\site-packages\pymysql\err.py", line 143, in raise_mysql_exception
    raise errorclass(errno, errval)
sqlalchemy.exc.IntegrityError: (pymysql.err.IntegrityError) (1048, "Column 'role_id' cannot be null")
[SQL: UPDATE user SET email=%(email)s, role_id=%(role_id)s WHERE user.id = %(user_id)s]
[parameters: {'email': 'salvadorfili2009@hotmail.com', 'role_id': None, 'user_id': 16}]
(Background on this error at: https://sqlalche.me/e/20/gkpj)
{'Hora': '2023-11-29 12:11:16', 'Usuario': 'Turko (Técnico)', 'Error': '(pymysql.err.IntegrityError) (1048, "Column \'role_id\' cannot be null")\n[SQL: UPDATE user SET username=%(username)s, role_id=%(role_id)s WHERE user.id = %(user_id)s]\n[parameters: {\'username\': \'Turko.\', \'role_id\': None, \'user_id\': 1}]\n(Background on this error at: https://sqlalche.me/e/20/gkpj)'}
Traceback (most recent call last):
  File "C:\Users\NB5\AppData\Local\Programs\Python\Python38\lib\site-packages\sqlalchemy\engine\base.py", line 1964, in _exec_single_context
    self.dialect.do_execute(
  File "C:\Users\NB5\AppData\Local\Programs\Python\Python38\lib\site-packages\sqlalchemy\engine\default.py", line 748, in do_execute
    cursor.execute(statement, parameters)
  File "C:\Users\NB5\AppData\Local\Programs\Python\Python38\lib\site-packages\pymysql\cursors.py", line 158, in execute
    result = self._query(query)
  File "C:\Users\NB5\AppData\Local\Programs\Python\Python38\lib\site-packages\pymysql\cursors.py", line 325, in _query
    conn.query(q)
  File "C:\Users\NB5\AppData\Local\Programs\Python\Python38\lib\site-packages\pymysql\connections.py", line 549, in query
    self._affected_rows = self._read_query_result(unbuffered=unbuffered)
  File "C:\Users\NB5\AppData\Local\Programs\Python\Python38\lib\site-packages\pymysql\connections.py", line 779, in _read_query_result
    result.read()
  File "C:\Users\NB5\AppData\Local\Programs\Python\Python38\lib\site-packages\pymysql\connections.py", line 1157, in read
    first_packet = self.connection._read_packet()
  File "C:\Users\NB5\AppData\Local\Programs\Python\Python38\lib\site-packages\pymysql\connections.py", line 729, in _read_packet
    packet.raise_for_error()
  File "C:\Users\NB5\AppData\Local\Programs\Python\Python38\lib\site-packages\pymysql\protocol.py", line 221, in raise_for_error
    err.raise_mysql_exception(self._data)
  File "C:\Users\NB5\AppData\Local\Programs\Python\Python38\lib\site-packages\pymysql\err.py", line 143, in raise_mysql_exception
    raise errorclass(errno, errval)
pymysql.err.IntegrityError: (1048, "Column 'role_id' cannot be null")

The above exception was the direct cause of the following exception:

Traceback (most recent call last):
  File "C:\Documentos\Dropbox\Sistemas\Proyectos\TECSEG\tseg\users\routes.py", line 90, in account
    db.session.commit()
  File "C:\Users\NB5\AppData\Local\Programs\Python\Python38\lib\site-packages\sqlalchemy\orm\scoping.py", line 553, in commit
    return self._proxied.commit()
  File "C:\Users\NB5\AppData\Local\Programs\Python\Python38\lib\site-packages\sqlalchemy\orm\session.py", line 1903, in commit
    trans.commit(_to_root=True)
  File "<string>", line 2, in commit
  File "C:\Users\NB5\AppData\Local\Programs\Python\Python38\lib\site-packages\sqlalchemy\orm\state_changes.py", line 137, in _go
    ret_value = fn(self, *arg, **kw)
  File "C:\Users\NB5\AppData\Local\Programs\Python\Python38\lib\site-packages\sqlalchemy\orm\session.py", line 1218, in commit
    self._prepare_impl()
  File "<string>", line 2, in _prepare_impl
  File "C:\Users\NB5\AppData\Local\Programs\Python\Python38\lib\site-packages\sqlalchemy\orm\state_changes.py", line 137, in _go
    ret_value = fn(self, *arg, **kw)
  File "C:\Users\NB5\AppData\Local\Programs\Python\Python38\lib\site-packages\sqlalchemy\orm\session.py", line 1193, in _prepare_impl
    self.session.flush()
  File "C:\Users\NB5\AppData\Local\Programs\Python\Python38\lib\site-packages\sqlalchemy\orm\session.py", line 4155, in flush
    self._flush(objects)
  File "C:\Users\NB5\AppData\Local\Programs\Python\Python38\lib\site-packages\sqlalchemy\orm\session.py", line 4292, in _flush
    transaction.rollback(_capture_exception=True)
  File "C:\Users\NB5\AppData\Local\Programs\Python\Python38\lib\site-packages\sqlalchemy\util\langhelpers.py", line 147, in __exit__
    raise exc_value.with_traceback(exc_tb)
  File "C:\Users\NB5\AppData\Local\Programs\Python\Python38\lib\site-packages\sqlalchemy\orm\session.py", line 4252, in _flush
    flush_context.execute()
  File "C:\Users\NB5\AppData\Local\Programs\Python\Python38\lib\site-packages\sqlalchemy\orm\unitofwork.py", line 467, in execute
    rec.execute(self)
  File "C:\Users\NB5\AppData\Local\Programs\Python\Python38\lib\site-packages\sqlalchemy\orm\unitofwork.py", line 644, in execute
    util.preloaded.orm_persistence.save_obj(
  File "C:\Users\NB5\AppData\Local\Programs\Python\Python38\lib\site-packages\sqlalchemy\orm\persistence.py", line 85, in save_obj
    _emit_update_statements(
  File "C:\Users\NB5\AppData\Local\Programs\Python\Python38\lib\site-packages\sqlalchemy\orm\persistence.py", line 890, in _emit_update_statements
    c = connection.execute(
  File "C:\Users\NB5\AppData\Local\Programs\Python\Python38\lib\site-packages\sqlalchemy\engine\base.py", line 1414, in execute
    return meth(
  File "C:\Users\NB5\AppData\Local\Programs\Python\Python38\lib\site-packages\sqlalchemy\sql\elements.py", line 486, in _execute_on_connection
    return connection._execute_clauseelement(
  File "C:\Users\NB5\AppData\Local\Programs\Python\Python38\lib\site-packages\sqlalchemy\engine\base.py", line 1638, in _execute_clauseelement
    ret = self._execute_context(
  File "C:\Users\NB5\AppData\Local\Programs\Python\Python38\lib\site-packages\sqlalchemy\engine\base.py", line 1842, in _execute_context
    return self._exec_single_context(
  File "C:\Users\NB5\AppData\Local\Programs\Python\Python38\lib\site-packages\sqlalchemy\engine\base.py", line 1983, in _exec_single_context
    self._handle_dbapi_exception(
  File "C:\Users\NB5\AppData\Local\Programs\Python\Python38\lib\site-packages\sqlalchemy\engine\base.py", line 2326, in _handle_dbapi_exception
    raise sqlalchemy_exception.with_traceback(exc_info[2]) from e
  File "C:\Users\NB5\AppData\Local\Programs\Python\Python38\lib\site-packages\sqlalchemy\engine\base.py", line 1964, in _exec_single_context
    self.dialect.do_execute(
  File "C:\Users\NB5\AppData\Local\Programs\Python\Python38\lib\site-packages\sqlalchemy\engine\default.py", line 748, in do_execute
    cursor.execute(statement, parameters)
  File "C:\Users\NB5\AppData\Local\Programs\Python\Python38\lib\site-packages\pymysql\cursors.py", line 158, in execute
    result = self._query(query)
  File "C:\Users\NB5\AppData\Local\Programs\Python\Python38\lib\site-packages\pymysql\cursors.py", line 325, in _query
    conn.query(q)
  File "C:\Users\NB5\AppData\Local\Programs\Python\Python38\lib\site-packages\pymysql\connections.py", line 549, in query
    self._affected_rows = self._read_query_result(unbuffered=unbuffered)
  File "C:\Users\NB5\AppData\Local\Programs\Python\Python38\lib\site-packages\pymysql\connections.py", line 779, in _read_query_result
    result.read()
  File "C:\Users\NB5\AppData\Local\Programs\Python\Python38\lib\site-packages\pymysql\connections.py", line 1157, in read
    first_packet = self.connection._read_packet()
  File "C:\Users\NB5\AppData\Local\Programs\Python\Python38\lib\site-packages\pymysql\connections.py", line 729, in _read_packet
    packet.raise_for_error()
  File "C:\Users\NB5\AppData\Local\Programs\Python\Python38\lib\site-packages\pymysql\protocol.py", line 221, in raise_for_error
    err.raise_mysql_exception(self._data)
  File "C:\Users\NB5\AppData\Local\Programs\Python\Python38\lib\site-packages\pymysql\err.py", line 143, in raise_mysql_exception
    raise errorclass(errno, errval)
sqlalchemy.exc.IntegrityError: (pymysql.err.IntegrityError) (1048, "Column 'role_id' cannot be null")
[SQL: UPDATE user SET username=%(username)s, role_id=%(role_id)s WHERE user.id = %(user_id)s]
[parameters: {'username': 'Turko.', 'role_id': None, 'user_id': 1}]
(Background on this error at: https://sqlalche.me/e/20/gkpj)
{'Hora': '2023-11-29 12:11:29', 'Usuario': 'Turko (Técnico)', 'Error': '(pymysql.err.IntegrityError) (1048, "Column \'role_id\' cannot be null")\n[SQL: UPDATE user SET email=%(email)s, role_id=%(role_id)s WHERE user.id = %(user_id)s]\n[parameters: {\'email\': \'arnaizagustin2@gmail.com\', \'role_id\': None, \'user_id\': 1}]\n(Background on this error at: https://sqlalche.me/e/20/gkpj)'}
Traceback (most recent call last):
  File "C:\Users\NB5\AppData\Local\Programs\Python\Python38\lib\site-packages\sqlalchemy\engine\base.py", line 1964, in _exec_single_context
    self.dialect.do_execute(
  File "C:\Users\NB5\AppData\Local\Programs\Python\Python38\lib\site-packages\sqlalchemy\engine\default.py", line 748, in do_execute
    cursor.execute(statement, parameters)
  File "C:\Users\NB5\AppData\Local\Programs\Python\Python38\lib\site-packages\pymysql\cursors.py", line 158, in execute
    result = self._query(query)
  File "C:\Users\NB5\AppData\Local\Programs\Python\Python38\lib\site-packages\pymysql\cursors.py", line 325, in _query
    conn.query(q)
  File "C:\Users\NB5\AppData\Local\Programs\Python\Python38\lib\site-packages\pymysql\connections.py", line 549, in query
    self._affected_rows = self._read_query_result(unbuffered=unbuffered)
  File "C:\Users\NB5\AppData\Local\Programs\Python\Python38\lib\site-packages\pymysql\connections.py", line 779, in _read_query_result
    result.read()
  File "C:\Users\NB5\AppData\Local\Programs\Python\Python38\lib\site-packages\pymysql\connections.py", line 1157, in read
    first_packet = self.connection._read_packet()
  File "C:\Users\NB5\AppData\Local\Programs\Python\Python38\lib\site-packages\pymysql\connections.py", line 729, in _read_packet
    packet.raise_for_error()
  File "C:\Users\NB5\AppData\Local\Programs\Python\Python38\lib\site-packages\pymysql\protocol.py", line 221, in raise_for_error
    err.raise_mysql_exception(self._data)
  File "C:\Users\NB5\AppData\Local\Programs\Python\Python38\lib\site-packages\pymysql\err.py", line 143, in raise_mysql_exception
    raise errorclass(errno, errval)
pymysql.err.IntegrityError: (1048, "Column 'role_id' cannot be null")

The above exception was the direct cause of the following exception:

Traceback (most recent call last):
  File "C:\Documentos\Dropbox\Sistemas\Proyectos\TECSEG\tseg\users\routes.py", line 90, in account
    db.session.commit()
  File "C:\Users\NB5\AppData\Local\Programs\Python\Python38\lib\site-packages\sqlalchemy\orm\scoping.py", line 553, in commit
    return self._proxied.commit()
  File "C:\Users\NB5\AppData\Local\Programs\Python\Python38\lib\site-packages\sqlalchemy\orm\session.py", line 1903, in commit
    trans.commit(_to_root=True)
  File "<string>", line 2, in commit
  File "C:\Users\NB5\AppData\Local\Programs\Python\Python38\lib\site-packages\sqlalchemy\orm\state_changes.py", line 137, in _go
    ret_value = fn(self, *arg, **kw)
  File "C:\Users\NB5\AppData\Local\Programs\Python\Python38\lib\site-packages\sqlalchemy\orm\session.py", line 1218, in commit
    self._prepare_impl()
  File "<string>", line 2, in _prepare_impl
  File "C:\Users\NB5\AppData\Local\Programs\Python\Python38\lib\site-packages\sqlalchemy\orm\state_changes.py", line 137, in _go
    ret_value = fn(self, *arg, **kw)
  File "C:\Users\NB5\AppData\Local\Programs\Python\Python38\lib\site-packages\sqlalchemy\orm\session.py", line 1193, in _prepare_impl
    self.session.flush()
  File "C:\Users\NB5\AppData\Local\Programs\Python\Python38\lib\site-packages\sqlalchemy\orm\session.py", line 4155, in flush
    self._flush(objects)
  File "C:\Users\NB5\AppData\Local\Programs\Python\Python38\lib\site-packages\sqlalchemy\orm\session.py", line 4292, in _flush
    transaction.rollback(_capture_exception=True)
  File "C:\Users\NB5\AppData\Local\Programs\Python\Python38\lib\site-packages\sqlalchemy\util\langhelpers.py", line 147, in __exit__
    raise exc_value.with_traceback(exc_tb)
  File "C:\Users\NB5\AppData\Local\Programs\Python\Python38\lib\site-packages\sqlalchemy\orm\session.py", line 4252, in _flush
    flush_context.execute()
  File "C:\Users\NB5\AppData\Local\Programs\Python\Python38\lib\site-packages\sqlalchemy\orm\unitofwork.py", line 467, in execute
    rec.execute(self)
  File "C:\Users\NB5\AppData\Local\Programs\Python\Python38\lib\site-packages\sqlalchemy\orm\unitofwork.py", line 644, in execute
    util.preloaded.orm_persistence.save_obj(
  File "C:\Users\NB5\AppData\Local\Programs\Python\Python38\lib\site-packages\sqlalchemy\orm\persistence.py", line 85, in save_obj
    _emit_update_statements(
  File "C:\Users\NB5\AppData\Local\Programs\Python\Python38\lib\site-packages\sqlalchemy\orm\persistence.py", line 890, in _emit_update_statements
    c = connection.execute(
  File "C:\Users\NB5\AppData\Local\Programs\Python\Python38\lib\site-packages\sqlalchemy\engine\base.py", line 1414, in execute
    return meth(
  File "C:\Users\NB5\AppData\Local\Programs\Python\Python38\lib\site-packages\sqlalchemy\sql\elements.py", line 486, in _execute_on_connection
    return connection._execute_clauseelement(
  File "C:\Users\NB5\AppData\Local\Programs\Python\Python38\lib\site-packages\sqlalchemy\engine\base.py", line 1638, in _execute_clauseelement
    ret = self._execute_context(
  File "C:\Users\NB5\AppData\Local\Programs\Python\Python38\lib\site-packages\sqlalchemy\engine\base.py", line 1842, in _execute_context
    return self._exec_single_context(
  File "C:\Users\NB5\AppData\Local\Programs\Python\Python38\lib\site-packages\sqlalchemy\engine\base.py", line 1983, in _exec_single_context
    self._handle_dbapi_exception(
  File "C:\Users\NB5\AppData\Local\Programs\Python\Python38\lib\site-packages\sqlalchemy\engine\base.py", line 2326, in _handle_dbapi_exception
    raise sqlalchemy_exception.with_traceback(exc_info[2]) from e
  File "C:\Users\NB5\AppData\Local\Programs\Python\Python38\lib\site-packages\sqlalchemy\engine\base.py", line 1964, in _exec_single_context
    self.dialect.do_execute(
  File "C:\Users\NB5\AppData\Local\Programs\Python\Python38\lib\site-packages\sqlalchemy\engine\default.py", line 748, in do_execute
    cursor.execute(statement, parameters)
  File "C:\Users\NB5\AppData\Local\Programs\Python\Python38\lib\site-packages\pymysql\cursors.py", line 158, in execute
    result = self._query(query)
  File "C:\Users\NB5\AppData\Local\Programs\Python\Python38\lib\site-packages\pymysql\cursors.py", line 325, in _query
    conn.query(q)
  File "C:\Users\NB5\AppData\Local\Programs\Python\Python38\lib\site-packages\pymysql\connections.py", line 549, in query
    self._affected_rows = self._read_query_result(unbuffered=unbuffered)
  File "C:\Users\NB5\AppData\Local\Programs\Python\Python38\lib\site-packages\pymysql\connections.py", line 779, in _read_query_result
    result.read()
  File "C:\Users\NB5\AppData\Local\Programs\Python\Python38\lib\site-packages\pymysql\connections.py", line 1157, in read
    first_packet = self.connection._read_packet()
  File "C:\Users\NB5\AppData\Local\Programs\Python\Python38\lib\site-packages\pymysql\connections.py", line 729, in _read_packet
    packet.raise_for_error()
  File "C:\Users\NB5\AppData\Local\Programs\Python\Python38\lib\site-packages\pymysql\protocol.py", line 221, in raise_for_error
    err.raise_mysql_exception(self._data)
  File "C:\Users\NB5\AppData\Local\Programs\Python\Python38\lib\site-packages\pymysql\err.py", line 143, in raise_mysql_exception
    raise errorclass(errno, errval)
sqlalchemy.exc.IntegrityError: (pymysql.err.IntegrityError) (1048, "Column 'role_id' cannot be null")
[SQL: UPDATE user SET email=%(email)s, role_id=%(role_id)s WHERE user.id = %(user_id)s]
[parameters: {'email': 'arnaizagustin2@gmail.com', 'role_id': None, 'user_id': 1}]
(Background on this error at: https://sqlalche.me/e/20/gkpj)
{'Hora': '2023-11-29 12:12:44', 'Usuario': 'Turko (Técnico)', 'Error': '(pymysql.err.IntegrityError) (1048, "Column \'role_id\' cannot be null")\n[SQL: UPDATE user SET email=%(email)s, role_id=%(role_id)s WHERE user.id = %(user_id)s]\n[parameters: {\'email\': \'arnaizagustin2@gmail.com\', \'role_id\': None, \'user_id\': 1}]\n(Background on this error at: https://sqlalche.me/e/20/gkpj)'}
Traceback (most recent call last):
  File "C:\Users\NB5\AppData\Local\Programs\Python\Python38\lib\site-packages\sqlalchemy\engine\base.py", line 1964, in _exec_single_context
    self.dialect.do_execute(
  File "C:\Users\NB5\AppData\Local\Programs\Python\Python38\lib\site-packages\sqlalchemy\engine\default.py", line 748, in do_execute
    cursor.execute(statement, parameters)
  File "C:\Users\NB5\AppData\Local\Programs\Python\Python38\lib\site-packages\pymysql\cursors.py", line 158, in execute
    result = self._query(query)
  File "C:\Users\NB5\AppData\Local\Programs\Python\Python38\lib\site-packages\pymysql\cursors.py", line 325, in _query
    conn.query(q)
  File "C:\Users\NB5\AppData\Local\Programs\Python\Python38\lib\site-packages\pymysql\connections.py", line 549, in query
    self._affected_rows = self._read_query_result(unbuffered=unbuffered)
  File "C:\Users\NB5\AppData\Local\Programs\Python\Python38\lib\site-packages\pymysql\connections.py", line 779, in _read_query_result
    result.read()
  File "C:\Users\NB5\AppData\Local\Programs\Python\Python38\lib\site-packages\pymysql\connections.py", line 1157, in read
    first_packet = self.connection._read_packet()
  File "C:\Users\NB5\AppData\Local\Programs\Python\Python38\lib\site-packages\pymysql\connections.py", line 729, in _read_packet
    packet.raise_for_error()
  File "C:\Users\NB5\AppData\Local\Programs\Python\Python38\lib\site-packages\pymysql\protocol.py", line 221, in raise_for_error
    err.raise_mysql_exception(self._data)
  File "C:\Users\NB5\AppData\Local\Programs\Python\Python38\lib\site-packages\pymysql\err.py", line 143, in raise_mysql_exception
    raise errorclass(errno, errval)
pymysql.err.IntegrityError: (1048, "Column 'role_id' cannot be null")

The above exception was the direct cause of the following exception:

Traceback (most recent call last):
  File "C:\Documentos\Dropbox\Sistemas\Proyectos\TECSEG\tseg\users\routes.py", line 91, in account
    db.session.commit()
  File "C:\Users\NB5\AppData\Local\Programs\Python\Python38\lib\site-packages\sqlalchemy\orm\scoping.py", line 553, in commit
    return self._proxied.commit()
  File "C:\Users\NB5\AppData\Local\Programs\Python\Python38\lib\site-packages\sqlalchemy\orm\session.py", line 1903, in commit
    trans.commit(_to_root=True)
  File "<string>", line 2, in commit
  File "C:\Users\NB5\AppData\Local\Programs\Python\Python38\lib\site-packages\sqlalchemy\orm\state_changes.py", line 137, in _go
    ret_value = fn(self, *arg, **kw)
  File "C:\Users\NB5\AppData\Local\Programs\Python\Python38\lib\site-packages\sqlalchemy\orm\session.py", line 1218, in commit
    self._prepare_impl()
  File "<string>", line 2, in _prepare_impl
  File "C:\Users\NB5\AppData\Local\Programs\Python\Python38\lib\site-packages\sqlalchemy\orm\state_changes.py", line 137, in _go
    ret_value = fn(self, *arg, **kw)
  File "C:\Users\NB5\AppData\Local\Programs\Python\Python38\lib\site-packages\sqlalchemy\orm\session.py", line 1193, in _prepare_impl
    self.session.flush()
  File "C:\Users\NB5\AppData\Local\Programs\Python\Python38\lib\site-packages\sqlalchemy\orm\session.py", line 4155, in flush
    self._flush(objects)
  File "C:\Users\NB5\AppData\Local\Programs\Python\Python38\lib\site-packages\sqlalchemy\orm\session.py", line 4292, in _flush
    transaction.rollback(_capture_exception=True)
  File "C:\Users\NB5\AppData\Local\Programs\Python\Python38\lib\site-packages\sqlalchemy\util\langhelpers.py", line 147, in __exit__
    raise exc_value.with_traceback(exc_tb)
  File "C:\Users\NB5\AppData\Local\Programs\Python\Python38\lib\site-packages\sqlalchemy\orm\session.py", line 4252, in _flush
    flush_context.execute()
  File "C:\Users\NB5\AppData\Local\Programs\Python\Python38\lib\site-packages\sqlalchemy\orm\unitofwork.py", line 467, in execute
    rec.execute(self)
  File "C:\Users\NB5\AppData\Local\Programs\Python\Python38\lib\site-packages\sqlalchemy\orm\unitofwork.py", line 644, in execute
    util.preloaded.orm_persistence.save_obj(
  File "C:\Users\NB5\AppData\Local\Programs\Python\Python38\lib\site-packages\sqlalchemy\orm\persistence.py", line 85, in save_obj
    _emit_update_statements(
  File "C:\Users\NB5\AppData\Local\Programs\Python\Python38\lib\site-packages\sqlalchemy\orm\persistence.py", line 890, in _emit_update_statements
    c = connection.execute(
  File "C:\Users\NB5\AppData\Local\Programs\Python\Python38\lib\site-packages\sqlalchemy\engine\base.py", line 1414, in execute
    return meth(
  File "C:\Users\NB5\AppData\Local\Programs\Python\Python38\lib\site-packages\sqlalchemy\sql\elements.py", line 486, in _execute_on_connection
    return connection._execute_clauseelement(
  File "C:\Users\NB5\AppData\Local\Programs\Python\Python38\lib\site-packages\sqlalchemy\engine\base.py", line 1638, in _execute_clauseelement
    ret = self._execute_context(
  File "C:\Users\NB5\AppData\Local\Programs\Python\Python38\lib\site-packages\sqlalchemy\engine\base.py", line 1842, in _execute_context
    return self._exec_single_context(
  File "C:\Users\NB5\AppData\Local\Programs\Python\Python38\lib\site-packages\sqlalchemy\engine\base.py", line 1983, in _exec_single_context
    self._handle_dbapi_exception(
  File "C:\Users\NB5\AppData\Local\Programs\Python\Python38\lib\site-packages\sqlalchemy\engine\base.py", line 2326, in _handle_dbapi_exception
    raise sqlalchemy_exception.with_traceback(exc_info[2]) from e
  File "C:\Users\NB5\AppData\Local\Programs\Python\Python38\lib\site-packages\sqlalchemy\engine\base.py", line 1964, in _exec_single_context
    self.dialect.do_execute(
  File "C:\Users\NB5\AppData\Local\Programs\Python\Python38\lib\site-packages\sqlalchemy\engine\default.py", line 748, in do_execute
    cursor.execute(statement, parameters)
  File "C:\Users\NB5\AppData\Local\Programs\Python\Python38\lib\site-packages\pymysql\cursors.py", line 158, in execute
    result = self._query(query)
  File "C:\Users\NB5\AppData\Local\Programs\Python\Python38\lib\site-packages\pymysql\cursors.py", line 325, in _query
    conn.query(q)
  File "C:\Users\NB5\AppData\Local\Programs\Python\Python38\lib\site-packages\pymysql\connections.py", line 549, in query
    self._affected_rows = self._read_query_result(unbuffered=unbuffered)
  File "C:\Users\NB5\AppData\Local\Programs\Python\Python38\lib\site-packages\pymysql\connections.py", line 779, in _read_query_result
    result.read()
  File "C:\Users\NB5\AppData\Local\Programs\Python\Python38\lib\site-packages\pymysql\connections.py", line 1157, in read
    first_packet = self.connection._read_packet()
  File "C:\Users\NB5\AppData\Local\Programs\Python\Python38\lib\site-packages\pymysql\connections.py", line 729, in _read_packet
    packet.raise_for_error()
  File "C:\Users\NB5\AppData\Local\Programs\Python\Python38\lib\site-packages\pymysql\protocol.py", line 221, in raise_for_error
    err.raise_mysql_exception(self._data)
  File "C:\Users\NB5\AppData\Local\Programs\Python\Python38\lib\site-packages\pymysql\err.py", line 143, in raise_mysql_exception
    raise errorclass(errno, errval)
sqlalchemy.exc.IntegrityError: (pymysql.err.IntegrityError) (1048, "Column 'role_id' cannot be null")
[SQL: UPDATE user SET email=%(email)s, role_id=%(role_id)s WHERE user.id = %(user_id)s]
[parameters: {'email': 'arnaizagustin2@gmail.com', 'role_id': None, 'user_id': 1}]
(Background on this error at: https://sqlalche.me/e/20/gkpj)
{'Hora': '2023-11-29 12:14:19', 'Usuario': 'Turko (Técnico)', 'Error': '(pymysql.err.IntegrityError) (1048, "Column \'role_id\' cannot be null")\n[SQL: UPDATE user SET email=%(email)s, role_id=%(role_id)s WHERE user.id = %(user_id)s]\n[parameters: {\'email\': \'2arnaizagustin@gmail.com\', \'role_id\': None, \'user_id\': 1}]\n(Background on this error at: https://sqlalche.me/e/20/gkpj)'}
Traceback (most recent call last):
  File "C:\Users\NB5\AppData\Local\Programs\Python\Python38\lib\site-packages\sqlalchemy\engine\base.py", line 1964, in _exec_single_context
    self.dialect.do_execute(
  File "C:\Users\NB5\AppData\Local\Programs\Python\Python38\lib\site-packages\sqlalchemy\engine\default.py", line 748, in do_execute
    cursor.execute(statement, parameters)
  File "C:\Users\NB5\AppData\Local\Programs\Python\Python38\lib\site-packages\pymysql\cursors.py", line 158, in execute
    result = self._query(query)
  File "C:\Users\NB5\AppData\Local\Programs\Python\Python38\lib\site-packages\pymysql\cursors.py", line 325, in _query
    conn.query(q)
  File "C:\Users\NB5\AppData\Local\Programs\Python\Python38\lib\site-packages\pymysql\connections.py", line 549, in query
    self._affected_rows = self._read_query_result(unbuffered=unbuffered)
  File "C:\Users\NB5\AppData\Local\Programs\Python\Python38\lib\site-packages\pymysql\connections.py", line 779, in _read_query_result
    result.read()
  File "C:\Users\NB5\AppData\Local\Programs\Python\Python38\lib\site-packages\pymysql\connections.py", line 1157, in read
    first_packet = self.connection._read_packet()
  File "C:\Users\NB5\AppData\Local\Programs\Python\Python38\lib\site-packages\pymysql\connections.py", line 729, in _read_packet
    packet.raise_for_error()
  File "C:\Users\NB5\AppData\Local\Programs\Python\Python38\lib\site-packages\pymysql\protocol.py", line 221, in raise_for_error
    err.raise_mysql_exception(self._data)
  File "C:\Users\NB5\AppData\Local\Programs\Python\Python38\lib\site-packages\pymysql\err.py", line 143, in raise_mysql_exception
    raise errorclass(errno, errval)
pymysql.err.IntegrityError: (1048, "Column 'role_id' cannot be null")

The above exception was the direct cause of the following exception:

Traceback (most recent call last):
  File "C:\Documentos\Dropbox\Sistemas\Proyectos\TECSEG\tseg\users\routes.py", line 91, in account
    db.session.commit()
  File "C:\Users\NB5\AppData\Local\Programs\Python\Python38\lib\site-packages\sqlalchemy\orm\scoping.py", line 553, in commit
    return self._proxied.commit()
  File "C:\Users\NB5\AppData\Local\Programs\Python\Python38\lib\site-packages\sqlalchemy\orm\session.py", line 1903, in commit
    trans.commit(_to_root=True)
  File "<string>", line 2, in commit
  File "C:\Users\NB5\AppData\Local\Programs\Python\Python38\lib\site-packages\sqlalchemy\orm\state_changes.py", line 137, in _go
    ret_value = fn(self, *arg, **kw)
  File "C:\Users\NB5\AppData\Local\Programs\Python\Python38\lib\site-packages\sqlalchemy\orm\session.py", line 1218, in commit
    self._prepare_impl()
  File "<string>", line 2, in _prepare_impl
  File "C:\Users\NB5\AppData\Local\Programs\Python\Python38\lib\site-packages\sqlalchemy\orm\state_changes.py", line 137, in _go
    ret_value = fn(self, *arg, **kw)
  File "C:\Users\NB5\AppData\Local\Programs\Python\Python38\lib\site-packages\sqlalchemy\orm\session.py", line 1193, in _prepare_impl
    self.session.flush()
  File "C:\Users\NB5\AppData\Local\Programs\Python\Python38\lib\site-packages\sqlalchemy\orm\session.py", line 4155, in flush
    self._flush(objects)
  File "C:\Users\NB5\AppData\Local\Programs\Python\Python38\lib\site-packages\sqlalchemy\orm\session.py", line 4292, in _flush
    transaction.rollback(_capture_exception=True)
  File "C:\Users\NB5\AppData\Local\Programs\Python\Python38\lib\site-packages\sqlalchemy\util\langhelpers.py", line 147, in __exit__
    raise exc_value.with_traceback(exc_tb)
  File "C:\Users\NB5\AppData\Local\Programs\Python\Python38\lib\site-packages\sqlalchemy\orm\session.py", line 4252, in _flush
    flush_context.execute()
  File "C:\Users\NB5\AppData\Local\Programs\Python\Python38\lib\site-packages\sqlalchemy\orm\unitofwork.py", line 467, in execute
    rec.execute(self)
  File "C:\Users\NB5\AppData\Local\Programs\Python\Python38\lib\site-packages\sqlalchemy\orm\unitofwork.py", line 644, in execute
    util.preloaded.orm_persistence.save_obj(
  File "C:\Users\NB5\AppData\Local\Programs\Python\Python38\lib\site-packages\sqlalchemy\orm\persistence.py", line 85, in save_obj
    _emit_update_statements(
  File "C:\Users\NB5\AppData\Local\Programs\Python\Python38\lib\site-packages\sqlalchemy\orm\persistence.py", line 890, in _emit_update_statements
    c = connection.execute(
  File "C:\Users\NB5\AppData\Local\Programs\Python\Python38\lib\site-packages\sqlalchemy\engine\base.py", line 1414, in execute
    return meth(
  File "C:\Users\NB5\AppData\Local\Programs\Python\Python38\lib\site-packages\sqlalchemy\sql\elements.py", line 486, in _execute_on_connection
    return connection._execute_clauseelement(
  File "C:\Users\NB5\AppData\Local\Programs\Python\Python38\lib\site-packages\sqlalchemy\engine\base.py", line 1638, in _execute_clauseelement
    ret = self._execute_context(
  File "C:\Users\NB5\AppData\Local\Programs\Python\Python38\lib\site-packages\sqlalchemy\engine\base.py", line 1842, in _execute_context
    return self._exec_single_context(
  File "C:\Users\NB5\AppData\Local\Programs\Python\Python38\lib\site-packages\sqlalchemy\engine\base.py", line 1983, in _exec_single_context
    self._handle_dbapi_exception(
  File "C:\Users\NB5\AppData\Local\Programs\Python\Python38\lib\site-packages\sqlalchemy\engine\base.py", line 2326, in _handle_dbapi_exception
    raise sqlalchemy_exception.with_traceback(exc_info[2]) from e
  File "C:\Users\NB5\AppData\Local\Programs\Python\Python38\lib\site-packages\sqlalchemy\engine\base.py", line 1964, in _exec_single_context
    self.dialect.do_execute(
  File "C:\Users\NB5\AppData\Local\Programs\Python\Python38\lib\site-packages\sqlalchemy\engine\default.py", line 748, in do_execute
    cursor.execute(statement, parameters)
  File "C:\Users\NB5\AppData\Local\Programs\Python\Python38\lib\site-packages\pymysql\cursors.py", line 158, in execute
    result = self._query(query)
  File "C:\Users\NB5\AppData\Local\Programs\Python\Python38\lib\site-packages\pymysql\cursors.py", line 325, in _query
    conn.query(q)
  File "C:\Users\NB5\AppData\Local\Programs\Python\Python38\lib\site-packages\pymysql\connections.py", line 549, in query
    self._affected_rows = self._read_query_result(unbuffered=unbuffered)
  File "C:\Users\NB5\AppData\Local\Programs\Python\Python38\lib\site-packages\pymysql\connections.py", line 779, in _read_query_result
    result.read()
  File "C:\Users\NB5\AppData\Local\Programs\Python\Python38\lib\site-packages\pymysql\connections.py", line 1157, in read
    first_packet = self.connection._read_packet()
  File "C:\Users\NB5\AppData\Local\Programs\Python\Python38\lib\site-packages\pymysql\connections.py", line 729, in _read_packet
    packet.raise_for_error()
  File "C:\Users\NB5\AppData\Local\Programs\Python\Python38\lib\site-packages\pymysql\protocol.py", line 221, in raise_for_error
    err.raise_mysql_exception(self._data)
  File "C:\Users\NB5\AppData\Local\Programs\Python\Python38\lib\site-packages\pymysql\err.py", line 143, in raise_mysql_exception
    raise errorclass(errno, errval)
sqlalchemy.exc.IntegrityError: (pymysql.err.IntegrityError) (1048, "Column 'role_id' cannot be null")
[SQL: UPDATE user SET email=%(email)s, role_id=%(role_id)s WHERE user.id = %(user_id)s]
[parameters: {'email': '2arnaizagustin@gmail.com', 'role_id': None, 'user_id': 1}]
(Background on this error at: https://sqlalche.me/e/20/gkpj)
{'Hora': '2023-11-29 12:14:55', 'Usuario': 'Turko (Técnico)', 'Error': '(pymysql.err.IntegrityError) (1048, "Column \'role_id\' cannot be null")\n[SQL: UPDATE user SET email=%(email)s, role_id=%(role_id)s WHERE user.id = %(user_id)s]\n[parameters: {\'email\': \'arnaizagustin2@gmail.com\', \'role_id\': None, \'user_id\': 1}]\n(Background on this error at: https://sqlalche.me/e/20/gkpj)'}
Traceback (most recent call last):
  File "C:\Users\NB5\AppData\Local\Programs\Python\Python38\lib\site-packages\sqlalchemy\engine\base.py", line 1964, in _exec_single_context
    self.dialect.do_execute(
  File "C:\Users\NB5\AppData\Local\Programs\Python\Python38\lib\site-packages\sqlalchemy\engine\default.py", line 748, in do_execute
    cursor.execute(statement, parameters)
  File "C:\Users\NB5\AppData\Local\Programs\Python\Python38\lib\site-packages\pymysql\cursors.py", line 158, in execute
    result = self._query(query)
  File "C:\Users\NB5\AppData\Local\Programs\Python\Python38\lib\site-packages\pymysql\cursors.py", line 325, in _query
    conn.query(q)
  File "C:\Users\NB5\AppData\Local\Programs\Python\Python38\lib\site-packages\pymysql\connections.py", line 549, in query
    self._affected_rows = self._read_query_result(unbuffered=unbuffered)
  File "C:\Users\NB5\AppData\Local\Programs\Python\Python38\lib\site-packages\pymysql\connections.py", line 779, in _read_query_result
    result.read()
  File "C:\Users\NB5\AppData\Local\Programs\Python\Python38\lib\site-packages\pymysql\connections.py", line 1157, in read
    first_packet = self.connection._read_packet()
  File "C:\Users\NB5\AppData\Local\Programs\Python\Python38\lib\site-packages\pymysql\connections.py", line 729, in _read_packet
    packet.raise_for_error()
  File "C:\Users\NB5\AppData\Local\Programs\Python\Python38\lib\site-packages\pymysql\protocol.py", line 221, in raise_for_error
    err.raise_mysql_exception(self._data)
  File "C:\Users\NB5\AppData\Local\Programs\Python\Python38\lib\site-packages\pymysql\err.py", line 143, in raise_mysql_exception
    raise errorclass(errno, errval)
pymysql.err.IntegrityError: (1048, "Column 'role_id' cannot be null")

The above exception was the direct cause of the following exception:

Traceback (most recent call last):
  File "C:\Documentos\Dropbox\Sistemas\Proyectos\TECSEG\tseg\users\routes.py", line 91, in account
    db.session.commit()
  File "C:\Users\NB5\AppData\Local\Programs\Python\Python38\lib\site-packages\sqlalchemy\orm\scoping.py", line 553, in commit
    return self._proxied.commit()
  File "C:\Users\NB5\AppData\Local\Programs\Python\Python38\lib\site-packages\sqlalchemy\orm\session.py", line 1903, in commit
    trans.commit(_to_root=True)
  File "<string>", line 2, in commit
  File "C:\Users\NB5\AppData\Local\Programs\Python\Python38\lib\site-packages\sqlalchemy\orm\state_changes.py", line 137, in _go
    ret_value = fn(self, *arg, **kw)
  File "C:\Users\NB5\AppData\Local\Programs\Python\Python38\lib\site-packages\sqlalchemy\orm\session.py", line 1218, in commit
    self._prepare_impl()
  File "<string>", line 2, in _prepare_impl
  File "C:\Users\NB5\AppData\Local\Programs\Python\Python38\lib\site-packages\sqlalchemy\orm\state_changes.py", line 137, in _go
    ret_value = fn(self, *arg, **kw)
  File "C:\Users\NB5\AppData\Local\Programs\Python\Python38\lib\site-packages\sqlalchemy\orm\session.py", line 1193, in _prepare_impl
    self.session.flush()
  File "C:\Users\NB5\AppData\Local\Programs\Python\Python38\lib\site-packages\sqlalchemy\orm\session.py", line 4155, in flush
    self._flush(objects)
  File "C:\Users\NB5\AppData\Local\Programs\Python\Python38\lib\site-packages\sqlalchemy\orm\session.py", line 4292, in _flush
    transaction.rollback(_capture_exception=True)
  File "C:\Users\NB5\AppData\Local\Programs\Python\Python38\lib\site-packages\sqlalchemy\util\langhelpers.py", line 147, in __exit__
    raise exc_value.with_traceback(exc_tb)
  File "C:\Users\NB5\AppData\Local\Programs\Python\Python38\lib\site-packages\sqlalchemy\orm\session.py", line 4252, in _flush
    flush_context.execute()
  File "C:\Users\NB5\AppData\Local\Programs\Python\Python38\lib\site-packages\sqlalchemy\orm\unitofwork.py", line 467, in execute
    rec.execute(self)
  File "C:\Users\NB5\AppData\Local\Programs\Python\Python38\lib\site-packages\sqlalchemy\orm\unitofwork.py", line 644, in execute
    util.preloaded.orm_persistence.save_obj(
  File "C:\Users\NB5\AppData\Local\Programs\Python\Python38\lib\site-packages\sqlalchemy\orm\persistence.py", line 85, in save_obj
    _emit_update_statements(
  File "C:\Users\NB5\AppData\Local\Programs\Python\Python38\lib\site-packages\sqlalchemy\orm\persistence.py", line 890, in _emit_update_statements
    c = connection.execute(
  File "C:\Users\NB5\AppData\Local\Programs\Python\Python38\lib\site-packages\sqlalchemy\engine\base.py", line 1414, in execute
    return meth(
  File "C:\Users\NB5\AppData\Local\Programs\Python\Python38\lib\site-packages\sqlalchemy\sql\elements.py", line 486, in _execute_on_connection
    return connection._execute_clauseelement(
  File "C:\Users\NB5\AppData\Local\Programs\Python\Python38\lib\site-packages\sqlalchemy\engine\base.py", line 1638, in _execute_clauseelement
    ret = self._execute_context(
  File "C:\Users\NB5\AppData\Local\Programs\Python\Python38\lib\site-packages\sqlalchemy\engine\base.py", line 1842, in _execute_context
    return self._exec_single_context(
  File "C:\Users\NB5\AppData\Local\Programs\Python\Python38\lib\site-packages\sqlalchemy\engine\base.py", line 1983, in _exec_single_context
    self._handle_dbapi_exception(
  File "C:\Users\NB5\AppData\Local\Programs\Python\Python38\lib\site-packages\sqlalchemy\engine\base.py", line 2326, in _handle_dbapi_exception
    raise sqlalchemy_exception.with_traceback(exc_info[2]) from e
  File "C:\Users\NB5\AppData\Local\Programs\Python\Python38\lib\site-packages\sqlalchemy\engine\base.py", line 1964, in _exec_single_context
    self.dialect.do_execute(
  File "C:\Users\NB5\AppData\Local\Programs\Python\Python38\lib\site-packages\sqlalchemy\engine\default.py", line 748, in do_execute
    cursor.execute(statement, parameters)
  File "C:\Users\NB5\AppData\Local\Programs\Python\Python38\lib\site-packages\pymysql\cursors.py", line 158, in execute
    result = self._query(query)
  File "C:\Users\NB5\AppData\Local\Programs\Python\Python38\lib\site-packages\pymysql\cursors.py", line 325, in _query
    conn.query(q)
  File "C:\Users\NB5\AppData\Local\Programs\Python\Python38\lib\site-packages\pymysql\connections.py", line 549, in query
    self._affected_rows = self._read_query_result(unbuffered=unbuffered)
  File "C:\Users\NB5\AppData\Local\Programs\Python\Python38\lib\site-packages\pymysql\connections.py", line 779, in _read_query_result
    result.read()
  File "C:\Users\NB5\AppData\Local\Programs\Python\Python38\lib\site-packages\pymysql\connections.py", line 1157, in read
    first_packet = self.connection._read_packet()
  File "C:\Users\NB5\AppData\Local\Programs\Python\Python38\lib\site-packages\pymysql\connections.py", line 729, in _read_packet
    packet.raise_for_error()
  File "C:\Users\NB5\AppData\Local\Programs\Python\Python38\lib\site-packages\pymysql\protocol.py", line 221, in raise_for_error
    err.raise_mysql_exception(self._data)
  File "C:\Users\NB5\AppData\Local\Programs\Python\Python38\lib\site-packages\pymysql\err.py", line 143, in raise_mysql_exception
    raise errorclass(errno, errval)
sqlalchemy.exc.IntegrityError: (pymysql.err.IntegrityError) (1048, "Column 'role_id' cannot be null")
[SQL: UPDATE user SET email=%(email)s, role_id=%(role_id)s WHERE user.id = %(user_id)s]
[parameters: {'email': 'arnaizagustin2@gmail.com', 'role_id': None, 'user_id': 1}]
(Background on this error at: https://sqlalche.me/e/20/gkpj)
{'Hora': '2023-11-29 12:16:43', 'Usuario': 'Turko (Técnico)', 'Error': '(pymysql.err.IntegrityError) (1048, "Column \'role_id\' cannot be null")\n[SQL: UPDATE user SET email=%(email)s, role_id=%(role_id)s WHERE user.id = %(user_id)s]\n[parameters: {\'email\': \'2arnaizagustin@gmail.com\', \'role_id\': None, \'user_id\': 1}]\n(Background on this error at: https://sqlalche.me/e/20/gkpj)'}
Traceback (most recent call last):
  File "C:\Users\NB5\AppData\Local\Programs\Python\Python38\lib\site-packages\sqlalchemy\engine\base.py", line 1964, in _exec_single_context
    self.dialect.do_execute(
  File "C:\Users\NB5\AppData\Local\Programs\Python\Python38\lib\site-packages\sqlalchemy\engine\default.py", line 748, in do_execute
    cursor.execute(statement, parameters)
  File "C:\Users\NB5\AppData\Local\Programs\Python\Python38\lib\site-packages\pymysql\cursors.py", line 158, in execute
    result = self._query(query)
  File "C:\Users\NB5\AppData\Local\Programs\Python\Python38\lib\site-packages\pymysql\cursors.py", line 325, in _query
    conn.query(q)
  File "C:\Users\NB5\AppData\Local\Programs\Python\Python38\lib\site-packages\pymysql\connections.py", line 549, in query
    self._affected_rows = self._read_query_result(unbuffered=unbuffered)
  File "C:\Users\NB5\AppData\Local\Programs\Python\Python38\lib\site-packages\pymysql\connections.py", line 779, in _read_query_result
    result.read()
  File "C:\Users\NB5\AppData\Local\Programs\Python\Python38\lib\site-packages\pymysql\connections.py", line 1157, in read
    first_packet = self.connection._read_packet()
  File "C:\Users\NB5\AppData\Local\Programs\Python\Python38\lib\site-packages\pymysql\connections.py", line 729, in _read_packet
    packet.raise_for_error()
  File "C:\Users\NB5\AppData\Local\Programs\Python\Python38\lib\site-packages\pymysql\protocol.py", line 221, in raise_for_error
    err.raise_mysql_exception(self._data)
  File "C:\Users\NB5\AppData\Local\Programs\Python\Python38\lib\site-packages\pymysql\err.py", line 143, in raise_mysql_exception
    raise errorclass(errno, errval)
pymysql.err.IntegrityError: (1048, "Column 'role_id' cannot be null")

The above exception was the direct cause of the following exception:

Traceback (most recent call last):
  File "C:\Documentos\Dropbox\Sistemas\Proyectos\TECSEG\tseg\users\routes.py", line 91, in account
    db.session.commit()
  File "C:\Users\NB5\AppData\Local\Programs\Python\Python38\lib\site-packages\sqlalchemy\orm\scoping.py", line 553, in commit
    return self._proxied.commit()
  File "C:\Users\NB5\AppData\Local\Programs\Python\Python38\lib\site-packages\sqlalchemy\orm\session.py", line 1903, in commit
    trans.commit(_to_root=True)
  File "<string>", line 2, in commit
  File "C:\Users\NB5\AppData\Local\Programs\Python\Python38\lib\site-packages\sqlalchemy\orm\state_changes.py", line 137, in _go
    ret_value = fn(self, *arg, **kw)
  File "C:\Users\NB5\AppData\Local\Programs\Python\Python38\lib\site-packages\sqlalchemy\orm\session.py", line 1218, in commit
    self._prepare_impl()
  File "<string>", line 2, in _prepare_impl
  File "C:\Users\NB5\AppData\Local\Programs\Python\Python38\lib\site-packages\sqlalchemy\orm\state_changes.py", line 137, in _go
    ret_value = fn(self, *arg, **kw)
  File "C:\Users\NB5\AppData\Local\Programs\Python\Python38\lib\site-packages\sqlalchemy\orm\session.py", line 1193, in _prepare_impl
    self.session.flush()
  File "C:\Users\NB5\AppData\Local\Programs\Python\Python38\lib\site-packages\sqlalchemy\orm\session.py", line 4155, in flush
    self._flush(objects)
  File "C:\Users\NB5\AppData\Local\Programs\Python\Python38\lib\site-packages\sqlalchemy\orm\session.py", line 4292, in _flush
    transaction.rollback(_capture_exception=True)
  File "C:\Users\NB5\AppData\Local\Programs\Python\Python38\lib\site-packages\sqlalchemy\util\langhelpers.py", line 147, in __exit__
    raise exc_value.with_traceback(exc_tb)
  File "C:\Users\NB5\AppData\Local\Programs\Python\Python38\lib\site-packages\sqlalchemy\orm\session.py", line 4252, in _flush
    flush_context.execute()
  File "C:\Users\NB5\AppData\Local\Programs\Python\Python38\lib\site-packages\sqlalchemy\orm\unitofwork.py", line 467, in execute
    rec.execute(self)
  File "C:\Users\NB5\AppData\Local\Programs\Python\Python38\lib\site-packages\sqlalchemy\orm\unitofwork.py", line 644, in execute
    util.preloaded.orm_persistence.save_obj(
  File "C:\Users\NB5\AppData\Local\Programs\Python\Python38\lib\site-packages\sqlalchemy\orm\persistence.py", line 85, in save_obj
    _emit_update_statements(
  File "C:\Users\NB5\AppData\Local\Programs\Python\Python38\lib\site-packages\sqlalchemy\orm\persistence.py", line 890, in _emit_update_statements
    c = connection.execute(
  File "C:\Users\NB5\AppData\Local\Programs\Python\Python38\lib\site-packages\sqlalchemy\engine\base.py", line 1414, in execute
    return meth(
  File "C:\Users\NB5\AppData\Local\Programs\Python\Python38\lib\site-packages\sqlalchemy\sql\elements.py", line 486, in _execute_on_connection
    return connection._execute_clauseelement(
  File "C:\Users\NB5\AppData\Local\Programs\Python\Python38\lib\site-packages\sqlalchemy\engine\base.py", line 1638, in _execute_clauseelement
    ret = self._execute_context(
  File "C:\Users\NB5\AppData\Local\Programs\Python\Python38\lib\site-packages\sqlalchemy\engine\base.py", line 1842, in _execute_context
    return self._exec_single_context(
  File "C:\Users\NB5\AppData\Local\Programs\Python\Python38\lib\site-packages\sqlalchemy\engine\base.py", line 1983, in _exec_single_context
    self._handle_dbapi_exception(
  File "C:\Users\NB5\AppData\Local\Programs\Python\Python38\lib\site-packages\sqlalchemy\engine\base.py", line 2326, in _handle_dbapi_exception
    raise sqlalchemy_exception.with_traceback(exc_info[2]) from e
  File "C:\Users\NB5\AppData\Local\Programs\Python\Python38\lib\site-packages\sqlalchemy\engine\base.py", line 1964, in _exec_single_context
    self.dialect.do_execute(
  File "C:\Users\NB5\AppData\Local\Programs\Python\Python38\lib\site-packages\sqlalchemy\engine\default.py", line 748, in do_execute
    cursor.execute(statement, parameters)
  File "C:\Users\NB5\AppData\Local\Programs\Python\Python38\lib\site-packages\pymysql\cursors.py", line 158, in execute
    result = self._query(query)
  File "C:\Users\NB5\AppData\Local\Programs\Python\Python38\lib\site-packages\pymysql\cursors.py", line 325, in _query
    conn.query(q)
  File "C:\Users\NB5\AppData\Local\Programs\Python\Python38\lib\site-packages\pymysql\connections.py", line 549, in query
    self._affected_rows = self._read_query_result(unbuffered=unbuffered)
  File "C:\Users\NB5\AppData\Local\Programs\Python\Python38\lib\site-packages\pymysql\connections.py", line 779, in _read_query_result
    result.read()
  File "C:\Users\NB5\AppData\Local\Programs\Python\Python38\lib\site-packages\pymysql\connections.py", line 1157, in read
    first_packet = self.connection._read_packet()
  File "C:\Users\NB5\AppData\Local\Programs\Python\Python38\lib\site-packages\pymysql\connections.py", line 729, in _read_packet
    packet.raise_for_error()
  File "C:\Users\NB5\AppData\Local\Programs\Python\Python38\lib\site-packages\pymysql\protocol.py", line 221, in raise_for_error
    err.raise_mysql_exception(self._data)
  File "C:\Users\NB5\AppData\Local\Programs\Python\Python38\lib\site-packages\pymysql\err.py", line 143, in raise_mysql_exception
    raise errorclass(errno, errval)
sqlalchemy.exc.IntegrityError: (pymysql.err.IntegrityError) (1048, "Column 'role_id' cannot be null")
[SQL: UPDATE user SET email=%(email)s, role_id=%(role_id)s WHERE user.id = %(user_id)s]
[parameters: {'email': '2arnaizagustin@gmail.com', 'role_id': None, 'user_id': 1}]
(Background on this error at: https://sqlalche.me/e/20/gkpj)
{'Hora': '2023-12-04 12:49:57', 'Usuario': 'admin (Admin)', 'Error': "'int' object has no attribute 'upper'"}
Traceback (most recent call last):
  File "C:\Documentos\Dropbox\Sistemas\Proyectos\TECSEG\tseg\clients\routes.py", line 90, in add_client
    localidad=Localidad(nombre=form.localidad.data.upper(), cp=form.codigo_postal.data, provincia=provincia)
AttributeError: 'int' object has no attribute 'upper'
{'Hora': '2023-12-09 02:31:36', 'Usuario': 'admin (Admin)', 'Error': '(pymysql.err.IntegrityError) (1048, "Column \'role_id\' cannot be null")\n[SQL: UPDATE user SET role_id=%(role_id)s WHERE user.id = %(user_id)s]\n[parameters: {\'role_id\': None, \'user_id\': 10}]\n(Background on this error at: https://sqlalche.me/e/20/gkpj)'}
Traceback (most recent call last):
  File "C:\Users\Turko\AppData\Local\Programs\Python\Python38-32\lib\site-packages\sqlalchemy\engine\base.py", line 1968, in _exec_single_context
    self.dialect.do_execute(
  File "C:\Users\Turko\AppData\Local\Programs\Python\Python38-32\lib\site-packages\sqlalchemy\engine\default.py", line 920, in do_execute
    cursor.execute(statement, parameters)
  File "C:\Users\Turko\AppData\Local\Programs\Python\Python38-32\lib\site-packages\pymysql\cursors.py", line 158, in execute
    result = self._query(query)
  File "C:\Users\Turko\AppData\Local\Programs\Python\Python38-32\lib\site-packages\pymysql\cursors.py", line 325, in _query
    conn.query(q)
  File "C:\Users\Turko\AppData\Local\Programs\Python\Python38-32\lib\site-packages\pymysql\connections.py", line 549, in query
    self._affected_rows = self._read_query_result(unbuffered=unbuffered)
  File "C:\Users\Turko\AppData\Local\Programs\Python\Python38-32\lib\site-packages\pymysql\connections.py", line 779, in _read_query_result
    result.read()
  File "C:\Users\Turko\AppData\Local\Programs\Python\Python38-32\lib\site-packages\pymysql\connections.py", line 1157, in read
    first_packet = self.connection._read_packet()
  File "C:\Users\Turko\AppData\Local\Programs\Python\Python38-32\lib\site-packages\pymysql\connections.py", line 729, in _read_packet
    packet.raise_for_error()
  File "C:\Users\Turko\AppData\Local\Programs\Python\Python38-32\lib\site-packages\pymysql\protocol.py", line 221, in raise_for_error
    err.raise_mysql_exception(self._data)
  File "C:\Users\Turko\AppData\Local\Programs\Python\Python38-32\lib\site-packages\pymysql\err.py", line 143, in raise_mysql_exception
    raise errorclass(errno, errval)
pymysql.err.IntegrityError: (1048, "Column 'role_id' cannot be null")

The above exception was the direct cause of the following exception:

Traceback (most recent call last):
  File "E:\Dropbox\Sistemas\Proyectos\TECSEG\tseg\users\routes.py", line 90, in account
    db.session.commit()
  File "C:\Users\Turko\AppData\Local\Programs\Python\Python38-32\lib\site-packages\sqlalchemy\orm\scoping.py", line 553, in commit
    return self._proxied.commit()
  File "C:\Users\Turko\AppData\Local\Programs\Python\Python38-32\lib\site-packages\sqlalchemy\orm\session.py", line 1906, in commit
    trans.commit(_to_root=True)
  File "<string>", line 2, in commit
  File "C:\Users\Turko\AppData\Local\Programs\Python\Python38-32\lib\site-packages\sqlalchemy\orm\state_changes.py", line 137, in _go
    ret_value = fn(self, *arg, **kw)
  File "C:\Users\Turko\AppData\Local\Programs\Python\Python38-32\lib\site-packages\sqlalchemy\orm\session.py", line 1221, in commit
    self._prepare_impl()
  File "<string>", line 2, in _prepare_impl
  File "C:\Users\Turko\AppData\Local\Programs\Python\Python38-32\lib\site-packages\sqlalchemy\orm\state_changes.py", line 137, in _go
    ret_value = fn(self, *arg, **kw)
  File "C:\Users\Turko\AppData\Local\Programs\Python\Python38-32\lib\site-packages\sqlalchemy\orm\session.py", line 1196, in _prepare_impl
    self.session.flush()
  File "C:\Users\Turko\AppData\Local\Programs\Python\Python38-32\lib\site-packages\sqlalchemy\orm\session.py", line 4154, in flush
    self._flush(objects)
  File "C:\Users\Turko\AppData\Local\Programs\Python\Python38-32\lib\site-packages\sqlalchemy\orm\session.py", line 4291, in _flush
    transaction.rollback(_capture_exception=True)
  File "C:\Users\Turko\AppData\Local\Programs\Python\Python38-32\lib\site-packages\sqlalchemy\util\langhelpers.py", line 147, in __exit__
    raise exc_value.with_traceback(exc_tb)
  File "C:\Users\Turko\AppData\Local\Programs\Python\Python38-32\lib\site-packages\sqlalchemy\orm\session.py", line 4251, in _flush
    flush_context.execute()
  File "C:\Users\Turko\AppData\Local\Programs\Python\Python38-32\lib\site-packages\sqlalchemy\orm\unitofwork.py", line 467, in execute
    rec.execute(self)
  File "C:\Users\Turko\AppData\Local\Programs\Python\Python38-32\lib\site-packages\sqlalchemy\orm\unitofwork.py", line 644, in execute
    util.preloaded.orm_persistence.save_obj(
  File "C:\Users\Turko\AppData\Local\Programs\Python\Python38-32\lib\site-packages\sqlalchemy\orm\persistence.py", line 85, in save_obj
    _emit_update_statements(
  File "C:\Users\Turko\AppData\Local\Programs\Python\Python38-32\lib\site-packages\sqlalchemy\orm\persistence.py", line 904, in _emit_update_statements
    c = connection.execute(
  File "C:\Users\Turko\AppData\Local\Programs\Python\Python38-32\lib\site-packages\sqlalchemy\engine\base.py", line 1413, in execute
    return meth(
  File "C:\Users\Turko\AppData\Local\Programs\Python\Python38-32\lib\site-packages\sqlalchemy\sql\elements.py", line 483, in _execute_on_connection
    return connection._execute_clauseelement(
  File "C:\Users\Turko\AppData\Local\Programs\Python\Python38-32\lib\site-packages\sqlalchemy\engine\base.py", line 1637, in _execute_clauseelement
    ret = self._execute_context(
  File "C:\Users\Turko\AppData\Local\Programs\Python\Python38-32\lib\site-packages\sqlalchemy\engine\base.py", line 1846, in _execute_context
    return self._exec_single_context(
  File "C:\Users\Turko\AppData\Local\Programs\Python\Python38-32\lib\site-packages\sqlalchemy\engine\base.py", line 1987, in _exec_single_context
    self._handle_dbapi_exception(
  File "C:\Users\Turko\AppData\Local\Programs\Python\Python38-32\lib\site-packages\sqlalchemy\engine\base.py", line 2344, in _handle_dbapi_exception
    raise sqlalchemy_exception.with_traceback(exc_info[2]) from e
  File "C:\Users\Turko\AppData\Local\Programs\Python\Python38-32\lib\site-packages\sqlalchemy\engine\base.py", line 1968, in _exec_single_context
    self.dialect.do_execute(
  File "C:\Users\Turko\AppData\Local\Programs\Python\Python38-32\lib\site-packages\sqlalchemy\engine\default.py", line 920, in do_execute
    cursor.execute(statement, parameters)
  File "C:\Users\Turko\AppData\Local\Programs\Python\Python38-32\lib\site-packages\pymysql\cursors.py", line 158, in execute
    result = self._query(query)
  File "C:\Users\Turko\AppData\Local\Programs\Python\Python38-32\lib\site-packages\pymysql\cursors.py", line 325, in _query
    conn.query(q)
  File "C:\Users\Turko\AppData\Local\Programs\Python\Python38-32\lib\site-packages\pymysql\connections.py", line 549, in query
    self._affected_rows = self._read_query_result(unbuffered=unbuffered)
  File "C:\Users\Turko\AppData\Local\Programs\Python\Python38-32\lib\site-packages\pymysql\connections.py", line 779, in _read_query_result
    result.read()
  File "C:\Users\Turko\AppData\Local\Programs\Python\Python38-32\lib\site-packages\pymysql\connections.py", line 1157, in read
    first_packet = self.connection._read_packet()
  File "C:\Users\Turko\AppData\Local\Programs\Python\Python38-32\lib\site-packages\pymysql\connections.py", line 729, in _read_packet
    packet.raise_for_error()
  File "C:\Users\Turko\AppData\Local\Programs\Python\Python38-32\lib\site-packages\pymysql\protocol.py", line 221, in raise_for_error
    err.raise_mysql_exception(self._data)
  File "C:\Users\Turko\AppData\Local\Programs\Python\Python38-32\lib\site-packages\pymysql\err.py", line 143, in raise_mysql_exception
    raise errorclass(errno, errval)
sqlalchemy.exc.IntegrityError: (pymysql.err.IntegrityError) (1048, "Column 'role_id' cannot be null")
[SQL: UPDATE user SET role_id=%(role_id)s WHERE user.id = %(user_id)s]
[parameters: {'role_id': None, 'user_id': 10}]
(Background on this error at: https://sqlalche.me/e/20/gkpj)
{'Hora': '2023-12-18 13:20:31', 'Usuario': 'admin (Admin)', 'Error': '(pymysql.err.IntegrityError) (1048, "Column \'role_id\' cannot be null")\n[SQL: UPDATE user SET role_id=%(role_id)s WHERE user.id = %(user_id)s]\n[parameters: {\'role_id\': None, \'user_id\': 1}]\n(Background on this error at: https://sqlalche.me/e/20/gkpj)'}
Traceback (most recent call last):
  File "C:\Users\NB5\AppData\Local\Programs\Python\Python38\lib\site-packages\sqlalchemy\engine\base.py", line 1964, in _exec_single_context
    self.dialect.do_execute(
  File "C:\Users\NB5\AppData\Local\Programs\Python\Python38\lib\site-packages\sqlalchemy\engine\default.py", line 748, in do_execute
    cursor.execute(statement, parameters)
  File "C:\Users\NB5\AppData\Local\Programs\Python\Python38\lib\site-packages\pymysql\cursors.py", line 158, in execute
    result = self._query(query)
  File "C:\Users\NB5\AppData\Local\Programs\Python\Python38\lib\site-packages\pymysql\cursors.py", line 325, in _query
    conn.query(q)
  File "C:\Users\NB5\AppData\Local\Programs\Python\Python38\lib\site-packages\pymysql\connections.py", line 549, in query
    self._affected_rows = self._read_query_result(unbuffered=unbuffered)
  File "C:\Users\NB5\AppData\Local\Programs\Python\Python38\lib\site-packages\pymysql\connections.py", line 779, in _read_query_result
    result.read()
  File "C:\Users\NB5\AppData\Local\Programs\Python\Python38\lib\site-packages\pymysql\connections.py", line 1157, in read
    first_packet = self.connection._read_packet()
  File "C:\Users\NB5\AppData\Local\Programs\Python\Python38\lib\site-packages\pymysql\connections.py", line 729, in _read_packet
    packet.raise_for_error()
  File "C:\Users\NB5\AppData\Local\Programs\Python\Python38\lib\site-packages\pymysql\protocol.py", line 221, in raise_for_error
    err.raise_mysql_exception(self._data)
  File "C:\Users\NB5\AppData\Local\Programs\Python\Python38\lib\site-packages\pymysql\err.py", line 143, in raise_mysql_exception
    raise errorclass(errno, errval)
pymysql.err.IntegrityError: (1048, "Column 'role_id' cannot be null")

The above exception was the direct cause of the following exception:

Traceback (most recent call last):
  File "C:\Documentos\Dropbox\Sistemas\Proyectos\TECSEG\tseg\users\routes.py", line 90, in account
    db.session.commit()
  File "C:\Users\NB5\AppData\Local\Programs\Python\Python38\lib\site-packages\sqlalchemy\orm\scoping.py", line 553, in commit
    return self._proxied.commit()
  File "C:\Users\NB5\AppData\Local\Programs\Python\Python38\lib\site-packages\sqlalchemy\orm\session.py", line 1903, in commit
    trans.commit(_to_root=True)
  File "<string>", line 2, in commit
  File "C:\Users\NB5\AppData\Local\Programs\Python\Python38\lib\site-packages\sqlalchemy\orm\state_changes.py", line 137, in _go
    ret_value = fn(self, *arg, **kw)
  File "C:\Users\NB5\AppData\Local\Programs\Python\Python38\lib\site-packages\sqlalchemy\orm\session.py", line 1218, in commit
    self._prepare_impl()
  File "<string>", line 2, in _prepare_impl
  File "C:\Users\NB5\AppData\Local\Programs\Python\Python38\lib\site-packages\sqlalchemy\orm\state_changes.py", line 137, in _go
    ret_value = fn(self, *arg, **kw)
  File "C:\Users\NB5\AppData\Local\Programs\Python\Python38\lib\site-packages\sqlalchemy\orm\session.py", line 1193, in _prepare_impl
    self.session.flush()
  File "C:\Users\NB5\AppData\Local\Programs\Python\Python38\lib\site-packages\sqlalchemy\orm\session.py", line 4155, in flush
    self._flush(objects)
  File "C:\Users\NB5\AppData\Local\Programs\Python\Python38\lib\site-packages\sqlalchemy\orm\session.py", line 4292, in _flush
    transaction.rollback(_capture_exception=True)
  File "C:\Users\NB5\AppData\Local\Programs\Python\Python38\lib\site-packages\sqlalchemy\util\langhelpers.py", line 147, in __exit__
    raise exc_value.with_traceback(exc_tb)
  File "C:\Users\NB5\AppData\Local\Programs\Python\Python38\lib\site-packages\sqlalchemy\orm\session.py", line 4252, in _flush
    flush_context.execute()
  File "C:\Users\NB5\AppData\Local\Programs\Python\Python38\lib\site-packages\sqlalchemy\orm\unitofwork.py", line 467, in execute
    rec.execute(self)
  File "C:\Users\NB5\AppData\Local\Programs\Python\Python38\lib\site-packages\sqlalchemy\orm\unitofwork.py", line 644, in execute
    util.preloaded.orm_persistence.save_obj(
  File "C:\Users\NB5\AppData\Local\Programs\Python\Python38\lib\site-packages\sqlalchemy\orm\persistence.py", line 85, in save_obj
    _emit_update_statements(
  File "C:\Users\NB5\AppData\Local\Programs\Python\Python38\lib\site-packages\sqlalchemy\orm\persistence.py", line 890, in _emit_update_statements
    c = connection.execute(
  File "C:\Users\NB5\AppData\Local\Programs\Python\Python38\lib\site-packages\sqlalchemy\engine\base.py", line 1414, in execute
    return meth(
  File "C:\Users\NB5\AppData\Local\Programs\Python\Python38\lib\site-packages\sqlalchemy\sql\elements.py", line 486, in _execute_on_connection
    return connection._execute_clauseelement(
  File "C:\Users\NB5\AppData\Local\Programs\Python\Python38\lib\site-packages\sqlalchemy\engine\base.py", line 1638, in _execute_clauseelement
    ret = self._execute_context(
  File "C:\Users\NB5\AppData\Local\Programs\Python\Python38\lib\site-packages\sqlalchemy\engine\base.py", line 1842, in _execute_context
    return self._exec_single_context(
  File "C:\Users\NB5\AppData\Local\Programs\Python\Python38\lib\site-packages\sqlalchemy\engine\base.py", line 1983, in _exec_single_context
    self._handle_dbapi_exception(
  File "C:\Users\NB5\AppData\Local\Programs\Python\Python38\lib\site-packages\sqlalchemy\engine\base.py", line 2326, in _handle_dbapi_exception
    raise sqlalchemy_exception.with_traceback(exc_info[2]) from e
  File "C:\Users\NB5\AppData\Local\Programs\Python\Python38\lib\site-packages\sqlalchemy\engine\base.py", line 1964, in _exec_single_context
    self.dialect.do_execute(
  File "C:\Users\NB5\AppData\Local\Programs\Python\Python38\lib\site-packages\sqlalchemy\engine\default.py", line 748, in do_execute
    cursor.execute(statement, parameters)
  File "C:\Users\NB5\AppData\Local\Programs\Python\Python38\lib\site-packages\pymysql\cursors.py", line 158, in execute
    result = self._query(query)
  File "C:\Users\NB5\AppData\Local\Programs\Python\Python38\lib\site-packages\pymysql\cursors.py", line 325, in _query
    conn.query(q)
  File "C:\Users\NB5\AppData\Local\Programs\Python\Python38\lib\site-packages\pymysql\connections.py", line 549, in query
    self._affected_rows = self._read_query_result(unbuffered=unbuffered)
  File "C:\Users\NB5\AppData\Local\Programs\Python\Python38\lib\site-packages\pymysql\connections.py", line 779, in _read_query_result
    result.read()
  File "C:\Users\NB5\AppData\Local\Programs\Python\Python38\lib\site-packages\pymysql\connections.py", line 1157, in read
    first_packet = self.connection._read_packet()
  File "C:\Users\NB5\AppData\Local\Programs\Python\Python38\lib\site-packages\pymysql\connections.py", line 729, in _read_packet
    packet.raise_for_error()
  File "C:\Users\NB5\AppData\Local\Programs\Python\Python38\lib\site-packages\pymysql\protocol.py", line 221, in raise_for_error
    err.raise_mysql_exception(self._data)
  File "C:\Users\NB5\AppData\Local\Programs\Python\Python38\lib\site-packages\pymysql\err.py", line 143, in raise_mysql_exception
    raise errorclass(errno, errval)
sqlalchemy.exc.IntegrityError: (pymysql.err.IntegrityError) (1048, "Column 'role_id' cannot be null")
[SQL: UPDATE user SET role_id=%(role_id)s WHERE user.id = %(user_id)s]
[parameters: {'role_id': None, 'user_id': 1}]
(Background on this error at: https://sqlalche.me/e/20/gkpj)
